<?xml version="1.0" encoding="UTF-8"?>
<!-- Generated by org.testng.reporters.JUnitXMLReporter -->
<testsuite hostname="user-PC" name="Test" tests="0" failures="0" timestamp="25 Nov 2022 08:55:14 GMT" time="0.093" errors="0">
  <testcase name="@BeforeClass setUpClass" time="0.0" classname="Runner.TestRunner">
    <failure type="java.lang.NoClassDefFoundError" message="io/cucumber/core/runtime/TypeRegistryConfigurerSupplier">
      <![CDATA[java.lang.NoClassDefFoundError: io/cucumber/core/runtime/TypeRegistryConfigurerSupplier
	at io.cucumber.testng.AbstractTestNGCucumberTests.setUpClass(AbstractTestNGCucumberTests.java:23)
	at java.util.concurrent.ThreadPoolExecutor.runWorker(ThreadPoolExecutor.java:1142)
	at java.util.concurrent.ThreadPoolExecutor$Worker.run(ThreadPoolExecutor.java:617)
	at java.lang.Thread.run(Thread.java:745)
Caused by: java.lang.ClassNotFoundException: io.cucumber.core.runtime.TypeRegistryConfigurerSupplier
	at java.net.URLClassLoader.findClass(URLClassLoader.java:381)
	at java.lang.ClassLoader.loadClass(ClassLoader.java:424)
	at sun.misc.Launcher$AppClassLoader.loadClass(Launcher.java:331)
	at java.lang.ClassLoader.loadClass(ClassLoader.java:357)
	... 14 more
... Removed 10 stack frames]]>
    </failure>
  </testcase> <!-- @BeforeClass setUpClass -->
</testsuite> <!-- Test -->
