<?xml version="1.0" encoding="UTF-8"?>
<testng-results total="1" passed="1" failed="0" skipped="0">
  <reporter-output>
  </reporter-output>
  <suite started-at="2023-04-11T05:31:43Z" name="Default suite" finished-at="2023-04-11T05:34:11Z" duration-ms="148405">
    <groups>
      <group name="cucumber">
        <method signature="TestRunner.scenario(io.cucumber.testng.PickleWrapper, io.cucumber.testng.FeatureWrapper)[pri:0, instance:Runner.TestRunner@7b993c65]" name="scenario" class="Runner.TestRunner"/>
      </group> <!-- cucumber -->
    </groups>
    <test started-at="2023-04-11T05:31:43Z" name="Default test" finished-at="2023-04-11T05:34:11Z" duration-ms="148405">
      <class name="Runner.TestRunner">
        <test-method is-config="true" signature="setUpClass()[pri:0, instance:Runner.TestRunner@7b993c65]" started-at="2023-04-11T11:01:43Z" name="setUpClass" finished-at="2023-04-11T11:01:44Z" duration-ms="1114" status="PASS">
          <reporter-output>
          </reporter-output>
        </test-method> <!-- setUpClass -->
        <test-method signature="scenario(io.cucumber.testng.PickleWrapper, io.cucumber.testng.FeatureWrapper)[pri:0, instance:Runner.TestRunner@7b993c65]" started-at="2023-04-11T11:01:44Z" name="scenario" description="Runs Cucumber Scenarios" data-provider="scenarios" finished-at="2023-04-11T11:04:11Z" duration-ms="146992" status="PASS">
          <params>
            <param index="0">
              <value>
                <![CDATA["Search the tablet"]]>
              </value>
            </param>
            <param index="1">
              <value>
                <![CDATA["Optional[Set the location and add the tablet if delvery date is Today]"]]>
              </value>
            </param>
          </params>
          <reporter-output>
          </reporter-output>
        </test-method> <!-- scenario -->
        <test-method is-config="true" signature="tearDownClass()[pri:0, instance:Runner.TestRunner@7b993c65]" started-at="2023-04-11T11:04:11Z" name="tearDownClass" finished-at="2023-04-11T11:04:11Z" duration-ms="260" status="PASS">
          <reporter-output>
          </reporter-output>
        </test-method> <!-- tearDownClass -->
      </class> <!-- Runner.TestRunner -->
    </test> <!-- Default test -->
  </suite> <!-- Default suite -->
</testng-results>
